<?xml version="1.0" encoding="UTF-8"?>
<testng-results ignored="0" total="1" passed="0" failed="0" skipped="1">
  <reporter-output>
  </reporter-output>
  <suite started-at="2024-04-26T22:49:28 IST" name="Default suite" finished-at="2024-04-26T22:49:29 IST" duration-ms="86">
    <groups>
    </groups>
    <test started-at="2024-04-26T22:49:28 IST" name="Default test" finished-at="2024-04-26T22:49:29 IST" duration-ms="86">
      <class name="amazonTestNGPackage.VerifyAccountsAndLists">
        <test-method is-config="true" signature="launchBrowser(java.lang.String)[pri:0, instance:amazonTestNGPackage.VerifyAccountsAndLists@57cf54e1]" started-at="2024-04-26T22:49:28 IST" name="launchBrowser" finished-at="1970-01-01T05:30:00 IST" duration-ms="-1714151968953" status="FAIL">
          <exception class="org.testng.TestNGException">
            <message>
              <![CDATA[
Parameter 'browser' is required by BeforeTest on method launchBrowser but has not been marked @Optional or defined
in C:\Users\User\AppData\Local\Temp\testng-eclipse-1846255221\testng-customsuite.xml]]>
            </message>
            <full-stacktrace>
              <![CDATA[org.testng.TestNGException: 
Parameter 'browser' is required by BeforeTest on method launchBrowser but has not been marked @Optional or defined
in C:\Users\User\AppData\Local\Temp\testng-eclipse-1846255221\testng-customsuite.xml
at org.testng.internal.Parameters.createParams(Parameters.java:270)
at org.testng.internal.Parameters.createParametersForMethod(Parameters.java:358)
at org.testng.internal.Parameters.createParameters(Parameters.java:700)
at org.testng.internal.Parameters.createConfigurationParameters(Parameters.java:168)
at org.testng.internal.ConfigInvoker.invokeConfigurations(ConfigInvoker.java:302)
at org.testng.TestRunner.invokeTestConfigurations(TestRunner.java:637)
at org.testng.TestRunner.beforeRun(TestRunner.java:627)
at org.testng.TestRunner.run(TestRunner.java:589)
at org.testng.SuiteRunner.runTest(SuiteRunner.java:377)
at org.testng.SuiteRunner.runSequentially(SuiteRunner.java:371)
at org.testng.SuiteRunner.privateRun(SuiteRunner.java:332)
at org.testng.SuiteRunner.run(SuiteRunner.java:276)
at org.testng.SuiteRunnerWorker.runSuite(SuiteRunnerWorker.java:53)
at org.testng.SuiteRunnerWorker.run(SuiteRunnerWorker.java:96)
at org.testng.TestNG.runSuitesSequentially(TestNG.java:1212)
at org.testng.TestNG.runSuitesLocally(TestNG.java:1134)
at org.testng.TestNG.runSuites(TestNG.java:1063)
at org.testng.TestNG.run(TestNG.java:1031)
at org.testng.remote.AbstractRemoteTestNG.run(AbstractRemoteTestNG.java:115)
at org.testng.remote.RemoteTestNG.initAndRun(RemoteTestNG.java:293)
at org.testng.remote.RemoteTestNG.main(RemoteTestNG.java:91)
]]>
            </full-stacktrace>
          </exception> <!-- org.testng.TestNGException -->
          <reporter-output>
          </reporter-output>
        </test-method> <!-- launchBrowser -->
        <test-method is-config="true" signature="LauchtheBrowser()[pri:0, instance:amazonTestNGPackage.VerifyAccountsAndLists@57cf54e1]" started-at="2024-04-26T22:49:28 IST" name="LauchtheBrowser" finished-at="1970-01-01T05:30:00 IST" duration-ms="-1714151968994" status="SKIP">
          <reporter-output>
          </reporter-output>
        </test-method> <!-- LauchtheBrowser -->
        <test-method is-config="true" signature="Signup()[pri:0, instance:amazonTestNGPackage.VerifyAccountsAndLists@57cf54e1]" started-at="2024-04-26T22:49:29 IST" name="Signup" finished-at="1970-01-01T05:30:00 IST" duration-ms="-1714151969013" status="SKIP">
          <reporter-output>
          </reporter-output>
        </test-method> <!-- Signup -->
        <test-method signature="clickAccountsAndLists()[pri:0, instance:amazonTestNGPackage.VerifyAccountsAndLists@57cf54e1]" started-at="2024-04-26T22:49:29 IST" name="clickAccountsAndLists" finished-at="2024-04-26T22:49:29 IST" duration-ms="0" status="SKIP">
          <exception class="org.testng.TestNGException">
            <message>
              <![CDATA[
Parameter 'browser' is required by BeforeTest on method launchBrowser but has not been marked @Optional or defined
in C:\Users\User\AppData\Local\Temp\testng-eclipse-1846255221\testng-customsuite.xml]]>
            </message>
            <full-stacktrace>
              <![CDATA[org.testng.TestNGException: 
Parameter 'browser' is required by BeforeTest on method launchBrowser but has not been marked @Optional or defined
in C:\Users\User\AppData\Local\Temp\testng-eclipse-1846255221\testng-customsuite.xml
at org.testng.internal.Parameters.createParams(Parameters.java:270)
at org.testng.internal.Parameters.createParametersForMethod(Parameters.java:358)
at org.testng.internal.Parameters.createParameters(Parameters.java:700)
at org.testng.internal.Parameters.createConfigurationParameters(Parameters.java:168)
at org.testng.internal.ConfigInvoker.invokeConfigurations(ConfigInvoker.java:302)
at org.testng.TestRunner.invokeTestConfigurations(TestRunner.java:637)
at org.testng.TestRunner.beforeRun(TestRunner.java:627)
at org.testng.TestRunner.run(TestRunner.java:589)
at org.testng.SuiteRunner.runTest(SuiteRunner.java:377)
at org.testng.SuiteRunner.runSequentially(SuiteRunner.java:371)
at org.testng.SuiteRunner.privateRun(SuiteRunner.java:332)
at org.testng.SuiteRunner.run(SuiteRunner.java:276)
at org.testng.SuiteRunnerWorker.runSuite(SuiteRunnerWorker.java:53)
at org.testng.SuiteRunnerWorker.run(SuiteRunnerWorker.java:96)
at org.testng.TestNG.runSuitesSequentially(TestNG.java:1212)
at org.testng.TestNG.runSuitesLocally(TestNG.java:1134)
at org.testng.TestNG.runSuites(TestNG.java:1063)
at org.testng.TestNG.run(TestNG.java:1031)
at org.testng.remote.AbstractRemoteTestNG.run(AbstractRemoteTestNG.java:115)
at org.testng.remote.RemoteTestNG.initAndRun(RemoteTestNG.java:293)
at org.testng.remote.RemoteTestNG.main(RemoteTestNG.java:91)
]]>
            </full-stacktrace>
          </exception> <!-- org.testng.TestNGException -->
          <reporter-output>
          </reporter-output>
        </test-method> <!-- clickAccountsAndLists -->
        <test-method is-config="true" signature="CaptureScreenshotofFailedTest()[pri:0, instance:amazonTestNGPackage.VerifyAccountsAndLists@57cf54e1]" started-at="2024-04-26T22:49:29 IST" name="CaptureScreenshotofFailedTest" finished-at="1970-01-01T05:30:00 IST" duration-ms="-1714151969023" status="SKIP">
          <reporter-output>
          </reporter-output>
        </test-method> <!-- CaptureScreenshotofFailedTest -->
        <test-method is-config="true" signature="afterclass()[pri:0, instance:amazonTestNGPackage.VerifyAccountsAndLists@57cf54e1]" started-at="2024-04-26T22:49:29 IST" name="afterclass" finished-at="1970-01-01T05:30:00 IST" duration-ms="-1714151969025" status="SKIP">
          <reporter-output>
          </reporter-output>
        </test-method> <!-- afterclass -->
        <test-method is-config="true" signature="closeBrowser()[pri:0, instance:amazonTestNGPackage.VerifyAccountsAndLists@57cf54e1]" started-at="2024-04-26T22:49:29 IST" name="closeBrowser" finished-at="1970-01-01T05:30:00 IST" duration-ms="-1714151969031" status="SKIP">
          <reporter-output>
          </reporter-output>
        </test-method> <!-- closeBrowser -->
      </class> <!-- amazonTestNGPackage.VerifyAccountsAndLists -->
    </test> <!-- Default test -->
  </suite> <!-- Default suite -->
</testng-results>
